<?xml version="1.0" encoding="UTF-8"?>
<!-- Generated by org.testng.reporters.JUnitReportReporter -->
<testsuite hostname="DESKTOP-QLKFNLE" failures="0" tests="1" name="main.java.tests.LauncherTests" time="5.571" errors="0" timestamp="2022-01-16T17:33:01 GST" skipped="0">
  <testcase classname="main.java.tests.LauncherTests" name="GenerateLauncher" time="5.571"/>
  <system-out/>
</testsuite> <!-- main.java.tests.LauncherTests -->
