<?xml version="1.0" encoding="UTF-8"?>
<!-- Generated by org.testng.reporters.JUnitReportReporter -->
<testsuite hostname="DESKTOP-QLKFNLE" failures="0" tests="1" name="main.java.tests.Grunt" time="134.712" errors="0" timestamp="2022-01-20T21:44:42 GST" skipped="0">
  <testcase classname="main.java.tests.Grunt" name="gruntConCheck" time="134.712"/>
  <system-out/>
</testsuite> <!-- main.java.tests.Grunt -->
