<?xml version="1.0" encoding="UTF-8"?>
<!-- Generated by org.testng.reporters.JUnitReportReporter -->
<testsuite hostname="DESKTOP-QLKFNLE" failures="0" tests="1" name="main.java.tests.ListenersTests" time="2.003" errors="0" timestamp="2022-01-15T21:29:36 GST" skipped="0">
  <testcase classname="main.java.tests.ListenersTests" name="createListners" time="2.003"/>
  <system-out/>
</testsuite> <!-- main.java.tests.ListenersTests -->
