<?xml version="1.0" encoding="UTF-8"?>
<!-- Generated by org.testng.reporters.JUnitReportReporter -->
<testsuite hostname="DESKTOP-QLKFNLE" failures="0" tests="1" name="main.java.tests.Login" time="5.647" errors="0" timestamp="2022-01-17T20:02:41 GST" skipped="0">
  <testcase classname="main.java.tests.Login" name="login" time="5.647"/>
  <system-out/>
</testsuite> <!-- main.java.tests.Login -->
