<?xml version="1.0" encoding="UTF-8"?>
<!-- Generated by org.testng.reporters.JUnitReportReporter -->
<testsuite hostname="DESKTOP-QLKFNLE" failures="0" tests="1" name="main.java.tests.Login" time="1.177" errors="0" timestamp="2022-01-15T19:12:57 GST" skipped="0">
  <testcase classname="main.java.tests.Login" name="login" time="1.177"/>
  <system-out/>
</testsuite> <!-- main.java.tests.Login -->
