<?xml version="1.0" encoding="UTF-8"?>
<!-- Generated by org.testng.reporters.JUnitReportReporter -->
<testsuite hostname="DESKTOP-QLKFNLE" failures="0" tests="1" name="main.java.tests.Login" time="0.622" errors="0" timestamp="2022-01-20T18:27:11 GST" skipped="0">
  <testcase classname="main.java.tests.Login" name="login" time="0.622"/>
  <system-out/>
</testsuite> <!-- main.java.tests.Login -->
