<?xml version="1.0" encoding="UTF-8"?>
<!-- Generated by org.testng.reporters.JUnitReportReporter -->
<testsuite skipped="0" hostname="DESKTOP-QLKFNLE" name="main.java.tests.LauncherTests" tests="1" failures="0" timestamp="2022-01-17T21:06:44 GST" time="5.690" errors="0">
  <testcase name="GenerateLauncher" time="5.690" classname="main.java.tests.LauncherTests"/>
  <system-out/>
</testsuite> <!-- main.java.tests.LauncherTests -->
