<?xml version="1.0" encoding="UTF-8"?>
<!-- Generated by org.testng.reporters.JUnitReportReporter -->
<testsuite skipped="0" hostname="DESKTOP-QLKFNLE" name="main.java.tests.ListenersTests" tests="1" failures="0" timestamp="2022-01-17T21:06:44 GST" time="2.898" errors="0">
  <testcase name="createListners" time="2.898" classname="main.java.tests.ListenersTests"/>
  <system-out/>
</testsuite> <!-- main.java.tests.ListenersTests -->
