<?xml version="1.0" encoding="UTF-8"?>
<!-- Generated by org.testng.reporters.JUnitReportReporter -->
<testsuite skipped="0" hostname="DESKTOP-QLKFNLE" name="main.java.tests.Login" tests="1" failures="0" timestamp="2022-01-17T21:06:44 GST" time="1.634" errors="0">
  <testcase name="login" time="1.634" classname="main.java.tests.Login"/>
  <system-out/>
</testsuite> <!-- main.java.tests.Login -->
